Determining if the pthread_create exist failed with the following output:
Change Dir: /home/ataparlar/rover21ws/build/arm_control/CMakeFiles/CMakeTmp

Run Build Command:"/usr/bin/make" "cmTC_b4e99/fast"
/usr/bin/make -f CMakeFiles/cmTC_b4e99.dir/build.make CMakeFiles/cmTC_b4e99.dir/build
make[1]: Entering directory '/home/ataparlar/rover21ws/build/arm_control/CMakeFiles/CMakeTmp'
Building C object CMakeFiles/cmTC_b4e99.dir/CheckSymbolExists.c.o
/usr/bin/cc    -o CMakeFiles/cmTC_b4e99.dir/CheckSymbolExists.c.o   -c /home/ataparlar/rover21ws/build/arm_control/CMakeFiles/CMakeTmp/CheckSymbolExists.c
Linking C executable cmTC_b4e99
/usr/bin/cmake -E cmake_link_script CMakeFiles/cmTC_b4e99.dir/link.txt --verbose=1
/usr/bin/cc      -rdynamic CMakeFiles/cmTC_b4e99.dir/CheckSymbolExists.c.o  -o cmTC_b4e99 
CMakeFiles/cmTC_b4e99.dir/CheckSymbolExists.c.o: In function `main':
CheckSymbolExists.c:(.text+0x1b): undefined reference to `pthread_create'
collect2: error: ld returned 1 exit status
CMakeFiles/cmTC_b4e99.dir/build.make:97: recipe for target 'cmTC_b4e99' failed
make[1]: *** [cmTC_b4e99] Error 1
make[1]: Leaving directory '/home/ataparlar/rover21ws/build/arm_control/CMakeFiles/CMakeTmp'
Makefile:126: recipe for target 'cmTC_b4e99/fast' failed
make: *** [cmTC_b4e99/fast] Error 2

File /home/ataparlar/rover21ws/build/arm_control/CMakeFiles/CMakeTmp/CheckSymbolExists.c:
/* */
#include <pthread.h>

int main(int argc, char** argv)
{
  (void)argv;
#ifndef pthread_create
  return ((int*)(&pthread_create))[argc];
#else
  (void)argc;
  return 0;
#endif
}

Determining if the function pthread_create exists in the pthreads failed with the following output:
Change Dir: /home/ataparlar/rover21ws/build/arm_control/CMakeFiles/CMakeTmp

Run Build Command:"/usr/bin/make" "cmTC_f1895/fast"
/usr/bin/make -f CMakeFiles/cmTC_f1895.dir/build.make CMakeFiles/cmTC_f1895.dir/build
make[1]: Entering directory '/home/ataparlar/rover21ws/build/arm_control/CMakeFiles/CMakeTmp'
Building C object CMakeFiles/cmTC_f1895.dir/CheckFunctionExists.c.o
/usr/bin/cc   -DCHECK_FUNCTION_EXISTS=pthread_create   -o CMakeFiles/cmTC_f1895.dir/CheckFunctionExists.c.o   -c /usr/share/cmake-3.10/Modules/CheckFunctionExists.c
Linking C executable cmTC_f1895
/usr/bin/cmake -E cmake_link_script CMakeFiles/cmTC_f1895.dir/link.txt --verbose=1
/usr/bin/cc  -DCHECK_FUNCTION_EXISTS=pthread_create    -rdynamic CMakeFiles/cmTC_f1895.dir/CheckFunctionExists.c.o  -o cmTC_f1895 -lpthreads 
/usr/bin/ld: cannot find -lpthreads
collect2: error: ld returned 1 exit status
CMakeFiles/cmTC_f1895.dir/build.make:97: recipe for target 'cmTC_f1895' failed
make[1]: *** [cmTC_f1895] Error 1
make[1]: Leaving directory '/home/ataparlar/rover21ws/build/arm_control/CMakeFiles/CMakeTmp'
Makefile:126: recipe for target 'cmTC_f1895/fast' failed
make: *** [cmTC_f1895/fast] Error 2


